<?xml version="1.0" encoding="UTF-8"?>
<!-- Generated by org.testng.reporters.JUnitXMLReporter -->
<testsuite hostname="saiyaswanth" failures="0" tests="10" name="Test" time="80.013" errors="0" timestamp="27 Sep 2021 02:29:32 GMT">
  <testcase classname="com.urbanladder.runner.runner" name="runScenario" time="15.311"/>
  <testcase classname="com.urbanladder.runner.runner" name="runScenario" time="2.023"/>
  <testcase classname="com.urbanladder.runner.runner" name="runScenario" time="9.11"/>
  <testcase classname="com.urbanladder.runner.runner" name="runScenario" time="8.322"/>
  <testcase classname="com.urbanladder.runner.runner" name="runScenario" time="8.398"/>
  <testcase classname="com.urbanladder.runner.runner" name="runScenario" time="8.378"/>
  <testcase classname="com.urbanladder.runner.runner" name="runScenario" time="8.424"/>
  <testcase classname="com.urbanladder.runner.runner" name="runScenario" time="8.29"/>
  <testcase classname="com.urbanladder.runner.runner" name="runScenario" time="9.43"/>
  <testcase classname="com.urbanladder.runner.runner" name="runScenario" time="1.834"/>
</testsuite> <!-- Test -->
